<?xml version="1.0" encoding="UTF-8"?>
<!-- Generated by org.testng.reporters.JUnitReportReporter -->
<testsuite skipped="0" hostname="LAPTOP-L0UH2I83" name="i_LoginPageTest.Logintest" tests="1" failures="0" timestamp="18 Jun 2022 04:08:33 GMT" time="4.684" errors="0">
  <testcase name="test01" time="4.684" classname="i_LoginPageTest.Logintest"/>
</testsuite> <!-- i_LoginPageTest.Logintest -->
