<?xml version="1.0" encoding="UTF-8"?>
<!-- Generated by org.testng.reporters.JUnitReportReporter -->
<testsuite skipped="0" hostname="LAPTOP-L0UH2I83" name="ii_DashBoardPageTest.Logintest" tests="2" failures="0" timestamp="18 Jun 2022 04:09:29 GMT" time="5.628" errors="0">
  <testcase name="test01" time="5.438" classname="ii_DashBoardPageTest.Logintest"/>
  <testcase name="test02" time="0.190" classname="ii_DashBoardPageTest.Logintest"/>
</testsuite> <!-- ii_DashBoardPageTest.Logintest -->
