<?xml version="1.0" encoding="UTF-8"?>
<!-- Generated by org.testng.reporters.JUnitReportReporter -->
<testsuite skipped="0" hostname="LAPTOP-L0UH2I83" name="v_DownloadPageTest.LoginTest3" tests="2" failures="0" timestamp="18 Jun 2022 02:35:32 GMT" time="4.406" errors="0">
  <testcase name="test01" time="4.221" classname="v_DownloadPageTest.LoginTest3"/>
  <testcase name="test02" time="0.185" classname="v_DownloadPageTest.LoginTest3"/>
</testsuite> <!-- v_DownloadPageTest.LoginTest3 -->
