<?xml version="1.0" encoding="UTF-8"?>
<!-- Generated by org.testng.reporters.JUnitReportReporter -->
<testsuite skipped="0" hostname="LAPTOP-L0UH2I83" name="iii_UserPageTest.LoginPageTest" tests="2" failures="0" timestamp="18 Jun 2022 04:23:05 GMT" time="4.457" errors="0">
  <testcase name="test01" time="4.306" classname="iii_UserPageTest.LoginPageTest"/>
  <testcase name="test02" time="0.151" classname="iii_UserPageTest.LoginPageTest"/>
</testsuite> <!-- iii_UserPageTest.LoginPageTest -->
