<?xml version="1.0" encoding="UTF-8"?>
<!-- Generated by org.testng.reporters.JUnitReportReporter -->
<testsuite skipped="0" hostname="LAPTOP-L0UH2I83" name="iv_OperatorPageTest.LoginTest1" tests="2" failures="0" timestamp="18 Jun 2022 02:34:56 GMT" time="4.300" errors="0">
  <testcase name="test01" time="4.139" classname="iv_OperatorPageTest.LoginTest1"/>
  <testcase name="test02" time="0.161" classname="iv_OperatorPageTest.LoginTest1"/>
</testsuite> <!-- iv_OperatorPageTest.LoginTest1 -->
